
Nov 03, 2021 21:37:41.66 NEW SESSION
Nov 03, 2021 21:37:41.66 [9348:1624:1103/213741.661:ERROR:chrome_browser_main_extra_parts_metrics.cc(230)] crbug.com/1216328: Checking Bluetooth availability started. Please report if there is no report that this ends.
Nov 03, 2021 21:37:41.66 [9348:1624:1103/213741.661:ERROR:chrome_browser_main_extra_parts_metrics.cc(233)] crbug.com/1216328: Checking Bluetooth availability ended.
Nov 03, 2021 21:37:41.66 [9348:1624:1103/213741.661:ERROR:chrome_browser_main_extra_parts_metrics.cc(236)] crbug.com/1216328: Checking default browser status started. Please report if there is no report that this ends.
Nov 03, 2021 21:37:41.66 [9348:17132:1103/213741.662:ERROR:device_event_log_impl.cc(214)] [21:37:41.663] USB: usb_device_handle_win.cc:1048 Failed to read descriptor from node connection: A device attached to the system is not functioning. (0x1F)
Nov 03, 2021 21:37:41.67 [9348:1624:1103/213741.662:ERROR:chrome_browser_main_extra_parts_metrics.cc(240)] crbug.com/1216328: Checking default browser status ended.
Nov 03, 2021 21:37:41.67 [9348:17132:1103/213741.663:ERROR:device_event_log_impl.cc(214)] [21:37:41.663] USB: usb_device_handle_win.cc:1048 Failed to read descriptor from node connection: A device attached to the system is not functioning. (0x1F)
Nov 03, 2021 21:37:41.67 [9348:17132:1103/213741.663:ERROR:device_event_log_impl.cc(214)] [21:37:41.663] USB: usb_device_handle_win.cc:1048 Failed to read descriptor from node connection: A device attached to the system is not functioning. (0x1F)
Nov 03, 2021 21:39:29.27 [9348:16788:1103/213929.270:ERROR:database.cc(1761)] History SQLite error: code 1555 errno 0: UNIQUE constraint failed: context_annotations.visit_id sql: INSERT INTO context_annotations( visit_id,context_annotation_flags,duration_since_last_visit,page_end_reason )VALUES(?,?,?,?)
Nov 03, 2021 21:40:13.00 [9348:5368:1103/214013.004:ERROR:database.cc(1761)] History SQLite error: code 1555 errno 0: UNIQUE constraint failed: context_annotations.visit_id sql: INSERT INTO context_annotations( visit_id,context_annotation_flags,duration_since_last_visit,page_end_reason )VALUES(?,?,?,?)
Nov 03, 2021 21:40:16.41 [9348:5368:1103/214016.416:ERROR:database.cc(1761)] History SQLite error: code 1555 errno 0: UNIQUE constraint failed: context_annotations.visit_id sql: INSERT INTO context_annotations( visit_id,context_annotation_flags,duration_since_last_visit,page_end_reason )VALUES(?,?,?,?)
Nov 03, 2021 21:43:00.59 [9348:5368:1103/214300.594:ERROR:database.cc(1761)] History SQLite error: code 1555 errno 0: UNIQUE constraint failed: context_annotations.visit_id sql: INSERT INTO context_annotations( visit_id,context_annotation_flags,duration_since_last_visit,page_end_reason )VALUES(?,?,?,?)
Nov 03, 2021 21:43:07.83 [9348:5368:1103/214307.829:ERROR:database.cc(1761)] History SQLite error: code 1555 errno 0: UNIQUE constraint failed: context_annotations.visit_id sql: INSERT INTO context_annotations( visit_id,context_annotation_flags,duration_since_last_visit,page_end_reason )VALUES(?,?,?,?)
Nov 03, 2021 22:06:05.35 [9348:13292:1103/220605.351:ERROR:database.cc(1761)] History SQLite error: code 1555 errno 0: UNIQUE constraint failed: context_annotations.visit_id sql: INSERT INTO context_annotations( visit_id,context_annotation_flags,duration_since_last_visit,page_end_reason )VALUES(?,?,?,?)
Nov 03, 2021 22:08:21.84 [9348:5368:1103/220821.846:ERROR:database.cc(1761)] History SQLite error: code 1555 errno 0: UNIQUE constraint failed: context_annotations.visit_id sql: INSERT INTO context_annotations( visit_id,context_annotation_flags,duration_since_last_visit,page_end_reason )VALUES(?,?,?,?)
Nov 03, 2021 22:08:23.84 [9348:5368:1103/220823.841:ERROR:database.cc(1761)] History SQLite error: code 1555 errno 0: UNIQUE constraint failed: context_annotations.visit_id sql: INSERT INTO context_annotations( visit_id,context_annotation_flags,duration_since_last_visit,page_end_reason )VALUES(?,?,?,?)
Nov 03, 2021 22:08:24.29 [9348:13292:1103/220824.297:ERROR:database.cc(1761)] History SQLite error: code 1555 errno 0: UNIQUE constraint failed: context_annotations.visit_id sql: INSERT INTO context_annotations( visit_id,context_annotation_flags,duration_since_last_visit,page_end_reason )VALUES(?,?,?,?)
Nov 03, 2021 22:08:24.47 [9348:5368:1103/220824.472:ERROR:database.cc(1761)] History SQLite error: code 1555 errno 0: UNIQUE constraint failed: context_annotations.visit_id sql: INSERT INTO context_annotations( visit_id,context_annotation_flags,duration_since_last_visit,page_end_reason )VALUES(?,?,?,?)
Nov 03, 2021 22:08:24.67 [9348:13292:1103/220824.672:ERROR:database.cc(1761)] History SQLite error: code 1555 errno 0: UNIQUE constraint failed: context_annotations.visit_id sql: INSERT INTO context_annotations( visit_id,context_annotation_flags,duration_since_last_visit,page_end_reason )VALUES(?,?,?,?)
Nov 03, 2021 22:08:24.87 [9348:5368:1103/220824.879:ERROR:database.cc(1761)] History SQLite error: code 1555 errno 0: UNIQUE constraint failed: context_annotations.visit_id sql: INSERT INTO context_annotations( visit_id,context_annotation_flags,duration_since_last_visit,page_end_reason )VALUES(?,?,?,?)
Nov 03, 2021 22:08:57.32 [9348:13292:1103/220857.326:ERROR:database.cc(1761)] History SQLite error: code 1555 errno 0: UNIQUE constraint failed: context_annotations.visit_id sql: INSERT INTO context_annotations( visit_id,context_annotation_flags,duration_since_last_visit,page_end_reason )VALUES(?,?,?,?)
Nov 03, 2021 22:08:58.19 [9348:428:1103/220858.191:ERROR:database.cc(1761)] History SQLite error: code 1555 errno 0: UNIQUE constraint failed: context_annotations.visit_id sql: INSERT INTO context_annotations( visit_id,context_annotation_flags,duration_since_last_visit,page_end_reason )VALUES(?,?,?,?)
Nov 03, 2021 22:08:58.56 [9348:428:1103/220858.567:ERROR:database.cc(1761)] History SQLite error: code 1555 errno 0: UNIQUE constraint failed: context_annotations.visit_id sql: INSERT INTO context_annotations( visit_id,context_annotation_flags,duration_since_last_visit,page_end_reason )VALUES(?,?,?,?)
Nov 03, 2021 22:08:58.92 [9348:5368:1103/220858.927:ERROR:database.cc(1761)] History SQLite error: code 1555 errno 0: UNIQUE constraint failed: context_annotations.visit_id sql: INSERT INTO context_annotations( visit_id,context_annotation_flags,duration_since_last_visit,page_end_reason )VALUES(?,?,?,?)
Nov 03, 2021 22:08:59.87 [9348:5368:1103/220859.876:ERROR:database.cc(1761)] History SQLite error: code 1555 errno 0: UNIQUE constraint failed: context_annotations.visit_id sql: INSERT INTO context_annotations( visit_id,context_annotation_flags,duration_since_last_visit,page_end_reason )VALUES(?,?,?,?)
Nov 03, 2021 22:12:10.51 [9348:11596:1103/221210.510:ERROR:database.cc(1761)] History SQLite error: code 1555 errno 0: UNIQUE constraint failed: context_annotations.visit_id sql: INSERT INTO context_annotations( visit_id,context_annotation_flags,duration_since_last_visit,page_end_reason )VALUES(?,?,?,?)
Nov 03, 2021 22:16:07.17 [9348:5368:1103/221607.171:ERROR:database.cc(1761)] History SQLite error: code 1555 errno 0: UNIQUE constraint failed: context_annotations.visit_id sql: INSERT INTO context_annotations( visit_id,context_annotation_flags,duration_since_last_visit,page_end_reason )VALUES(?,?,?,?)

Nov 07, 2021 09:09:42.52 NEW SESSION
Nov 07, 2021 09:09:42.53 [15788:1224:1107/090942.527:ERROR:chrome_browser_main_extra_parts_metrics.cc(230)] crbug.com/1216328: Checking Bluetooth availability started. Please report if there is no report that this ends.
Nov 07, 2021 09:09:42.54 [15788:1224:1107/090942.527:ERROR:chrome_browser_main_extra_parts_metrics.cc(233)] crbug.com/1216328: Checking Bluetooth availability ended.
Nov 07, 2021 09:09:42.54 [15788:1224:1107/090942.527:ERROR:chrome_browser_main_extra_parts_metrics.cc(236)] crbug.com/1216328: Checking default browser status started. Please report if there is no report that this ends.
Nov 07, 2021 09:09:42.54 [15788:1224:1107/090942.528:ERROR:chrome_browser_main_extra_parts_metrics.cc(240)] crbug.com/1216328: Checking default browser status ended.
Nov 07, 2021 09:09:42.54 [15788:15124:1107/090942.529:ERROR:device_event_log_impl.cc(214)] [09:09:42.529] USB: usb_device_handle_win.cc:1048 Failed to read descriptor from node connection: A device attached to the system is not functioning. (0x1F)
Nov 07, 2021 09:09:42.54 [15788:15124:1107/090942.529:ERROR:device_event_log_impl.cc(214)] [09:09:42.529] USB: usb_device_handle_win.cc:1048 Failed to read descriptor from node connection: A device attached to the system is not functioning. (0x1F)
Nov 07, 2021 09:09:42.54 [15788:15124:1107/090942.530:ERROR:device_event_log_impl.cc(214)] [09:09:42.530] USB: usb_device_handle_win.cc:1048 Failed to read descriptor from node connection: A device attached to the system is not functioning. (0x1F)
Nov 07, 2021 09:12:59.68 [15788:15624:1107/091259.689:ERROR:database.cc(1761)] History SQLite error: code 1555 errno 0: UNIQUE constraint failed: context_annotations.visit_id sql: INSERT INTO context_annotations( visit_id,context_annotation_flags,duration_since_last_visit,page_end_reason )VALUES(?,?,?,?)
Nov 07, 2021 09:14:15.05 [9440:2508:1107/091415.057:ERROR:chrome_browser_main_extra_parts_metrics.cc(230)] crbug.com/1216328: Checking Bluetooth availability started. Please report if there is no report that this ends.
Nov 07, 2021 09:14:15.05 [9440:2508:1107/091415.057:ERROR:chrome_browser_main_extra_parts_metrics.cc(233)] crbug.com/1216328: Checking Bluetooth availability ended.
Nov 07, 2021 09:14:15.05 [9440:2508:1107/091415.057:ERROR:chrome_browser_main_extra_parts_metrics.cc(236)] crbug.com/1216328: Checking default browser status started. Please report if there is no report that this ends.
Nov 07, 2021 09:14:15.05 [9440:2508:1107/091415.058:ERROR:chrome_browser_main_extra_parts_metrics.cc(240)] crbug.com/1216328: Checking default browser status ended.
Nov 07, 2021 09:14:15.05 [9440:2652:1107/091415.059:ERROR:device_event_log_impl.cc(214)] [09:14:15.059] USB: usb_device_handle_win.cc:1048 Failed to read descriptor from node connection: A device attached to the system is not functioning. (0x1F)
Nov 07, 2021 09:14:15.06 [9440:2652:1107/091415.060:ERROR:device_event_log_impl.cc(214)] [09:14:15.059] USB: usb_device_handle_win.cc:1048 Failed to read descriptor from node connection: A device attached to the system is not functioning. (0x1F)
Nov 07, 2021 09:14:15.06 [9440:2652:1107/091415.060:ERROR:device_event_log_impl.cc(214)] [09:14:15.060] USB: usb_device_handle_win.cc:1048 Failed to read descriptor from node connection: A device attached to the system is not functioning. (0x1F)
Nov 07, 2021 09:14:21.90 [9440:4612:1107/091421.904:ERROR:database.cc(1761)] History SQLite error: code 1555 errno 0: UNIQUE constraint failed: context_annotations.visit_id sql: INSERT INTO context_annotations( visit_id,context_annotation_flags,duration_since_last_visit,page_end_reason )VALUES(?,?,?,?)
Nov 07, 2021 12:04:35.43 [9440:14244:1107/120435.436:ERROR:database.cc(1761)] History SQLite error: code 1555 errno 0: UNIQUE constraint failed: context_annotations.visit_id sql: INSERT INTO context_annotations( visit_id,context_annotation_flags,duration_since_last_visit,page_end_reason )VALUES(?,?,?,?)

Nov 07, 2021 20:31:46.41 NEW SESSION
Nov 07, 2021 20:31:46.41 [17384:8900:1107/203146.412:ERROR:chrome_browser_main_extra_parts_metrics.cc(230)] crbug.com/1216328: Checking Bluetooth availability started. Please report if there is no report that this ends.
Nov 07, 2021 20:31:46.45 [17384:8900:1107/203146.412:ERROR:chrome_browser_main_extra_parts_metrics.cc(233)] crbug.com/1216328: Checking Bluetooth availability ended.
Nov 07, 2021 20:31:46.45 [17384:8900:1107/203146.412:ERROR:chrome_browser_main_extra_parts_metrics.cc(236)] crbug.com/1216328: Checking default browser status started. Please report if there is no report that this ends.
Nov 07, 2021 20:31:46.45 [17384:8900:1107/203146.413:ERROR:chrome_browser_main_extra_parts_metrics.cc(240)] crbug.com/1216328: Checking default browser status ended.
Nov 07, 2021 20:31:46.45 [17384:5896:1107/203146.414:ERROR:device_event_log_impl.cc(214)] [20:31:46.413] USB: usb_device_handle_win.cc:1048 Failed to read descriptor from node connection: A device attached to the system is not functioning. (0x1F)
Nov 07, 2021 20:31:46.45 [17384:5896:1107/203146.414:ERROR:device_event_log_impl.cc(214)] [20:31:46.414] USB: usb_device_handle_win.cc:1048 Failed to read descriptor from node connection: A device attached to the system is not functioning. (0x1F)
Nov 07, 2021 20:31:46.46 [17384:5896:1107/203146.414:ERROR:device_event_log_impl.cc(214)] [20:31:46.414] USB: usb_device_handle_win.cc:1048 Failed to read descriptor from node connection: A device attached to the system is not functioning. (0x1F)
Nov 07, 2021 20:32:20.93 [17384:4924:1107/203220.934:ERROR:database.cc(1761)] History SQLite error: code 1555 errno 0: UNIQUE constraint failed: context_annotations.visit_id sql: INSERT INTO context_annotations( visit_id,context_annotation_flags,duration_since_last_visit,page_end_reason )VALUES(?,?,?,?)
Nov 07, 2021 22:47:52.08 [17384:15704:1107/224751.997:ERROR:database.cc(1761)] History SQLite error: code 1555 errno 0: UNIQUE constraint failed: context_annotations.visit_id sql: INSERT INTO context_annotations( visit_id,context_annotation_flags,duration_since_last_visit,page_end_reason )VALUES(?,?,?,?)

Nov 08, 2021 22:13:19.64 NEW SESSION
Nov 08, 2021 22:13:19.64 [2964:13704:1108/221319.641:ERROR:chrome_browser_main_extra_parts_metrics.cc(230)] crbug.com/1216328: Checking Bluetooth availability started. Please report if there is no report that this ends.
Nov 08, 2021 22:13:19.67 [2964:13704:1108/221319.641:ERROR:chrome_browser_main_extra_parts_metrics.cc(233)] crbug.com/1216328: Checking Bluetooth availability ended.
Nov 08, 2021 22:13:19.67 [2964:13704:1108/221319.641:ERROR:chrome_browser_main_extra_parts_metrics.cc(236)] crbug.com/1216328: Checking default browser status started. Please report if there is no report that this ends.
Nov 08, 2021 22:13:19.67 [2964:13704:1108/221319.642:ERROR:chrome_browser_main_extra_parts_metrics.cc(240)] crbug.com/1216328: Checking default browser status ended.
Nov 08, 2021 22:13:19.67 [2964:6028:1108/221319.644:ERROR:device_event_log_impl.cc(214)] [22:13:19.644] USB: usb_device_handle_win.cc:1048 Failed to read descriptor from node connection: A device attached to the system is not functioning. (0x1F)
Nov 08, 2021 22:13:19.67 [2964:6028:1108/221319.644:ERROR:device_event_log_impl.cc(214)] [22:13:19.644] USB: usb_device_handle_win.cc:1048 Failed to read descriptor from node connection: A device attached to the system is not functioning. (0x1F)
Nov 08, 2021 22:13:19.67 [2964:6028:1108/221319.644:ERROR:device_event_log_impl.cc(214)] [22:13:19.644] USB: usb_device_handle_win.cc:1048 Failed to read descriptor from node connection: A device attached to the system is not functioning. (0x1F)
Nov 08, 2021 22:13:55.36 [2964:6700:1108/221355.368:ERROR:database.cc(1761)] History SQLite error: code 1555 errno 0: UNIQUE constraint failed: context_annotations.visit_id sql: INSERT INTO context_annotations( visit_id,context_annotation_flags,duration_since_last_visit,page_end_reason )VALUES(?,?,?,?)
Nov 08, 2021 22:15:21.49 [2964:6700:1108/221521.498:ERROR:database.cc(1761)] History SQLite error: code 1555 errno 0: UNIQUE constraint failed: context_annotations.visit_id sql: INSERT INTO context_annotations( visit_id,context_annotation_flags,duration_since_last_visit,page_end_reason )VALUES(?,?,?,?)
Nov 08, 2021 22:27:36.94 [2964:9076:1108/222736.946:ERROR:database.cc(1761)] History SQLite error: code 1555 errno 0: UNIQUE constraint failed: context_annotations.visit_id sql: INSERT INTO context_annotations( visit_id,context_annotation_flags,duration_since_last_visit,page_end_reason )VALUES(?,?,?,?)
Nov 08, 2021 22:32:53.55 [2964:396:1108/223253.551:ERROR:database.cc(1761)] History SQLite error: code 1555 errno 0: UNIQUE constraint failed: context_annotations.visit_id sql: INSERT INTO context_annotations( visit_id,context_annotation_flags,duration_since_last_visit,page_end_reason )VALUES(?,?,?,?)
Nov 08, 2021 22:33:09.52 [2964:11284:1108/223309.523:ERROR:database.cc(1761)] History SQLite error: code 1555 errno 0: UNIQUE constraint failed: context_annotations.visit_id sql: INSERT INTO context_annotations( visit_id,context_annotation_flags,duration_since_last_visit,page_end_reason )VALUES(?,?,?,?)
Nov 08, 2021 22:34:54.63 [2964:11284:1108/223454.632:ERROR:database.cc(1761)] History SQLite error: code 1555 errno 0: UNIQUE constraint failed: context_annotations.visit_id sql: INSERT INTO context_annotations( visit_id,context_annotation_flags,duration_since_last_visit,page_end_reason )VALUES(?,?,?,?)

Nov 09, 2021 08:25:44.84 NEW SESSION
Nov 09, 2021 08:25:44.84 [14392:10232:1109/082544.842:ERROR:chrome_browser_main_extra_parts_metrics.cc(230)] crbug.com/1216328: Checking Bluetooth availability started. Please report if there is no report that this ends.
Nov 09, 2021 08:25:44.86 [14392:10232:1109/082544.842:ERROR:chrome_browser_main_extra_parts_metrics.cc(233)] crbug.com/1216328: Checking Bluetooth availability ended.
Nov 09, 2021 08:25:44.86 [14392:10232:1109/082544.842:ERROR:chrome_browser_main_extra_parts_metrics.cc(236)] crbug.com/1216328: Checking default browser status started. Please report if there is no report that this ends.
Nov 09, 2021 08:25:44.86 [14392:10232:1109/082544.844:ERROR:chrome_browser_main_extra_parts_metrics.cc(240)] crbug.com/1216328: Checking default browser status ended.
Nov 09, 2021 08:25:44.86 [14392:10756:1109/082544.853:ERROR:device_event_log_impl.cc(214)] [08:25:44.852] USB: usb_device_handle_win.cc:1048 Failed to read descriptor from node connection: A device attached to the system is not functioning. (0x1F)
Nov 09, 2021 08:25:44.86 [14392:10756:1109/082544.855:ERROR:device_event_log_impl.cc(214)] [08:25:44.854] USB: usb_device_handle_win.cc:1048 Failed to read descriptor from node connection: A device attached to the system is not functioning. (0x1F)
Nov 09, 2021 08:25:44.87 [14392:10756:1109/082544.855:ERROR:device_event_log_impl.cc(214)] [08:25:44.854] USB: usb_device_handle_win.cc:1048 Failed to read descriptor from node connection: A device attached to the system is not functioning. (0x1F)
Nov 09, 2021 08:25:58.71 [14392:7024:1109/082558.712:ERROR:database.cc(1761)] History SQLite error: code 1555 errno 0: UNIQUE constraint failed: context_annotations.visit_id sql: INSERT INTO context_annotations( visit_id,context_annotation_flags,duration_since_last_visit,page_end_reason )VALUES(?,?,?,?)
Nov 09, 2021 08:26:01.51 [14392:7024:1109/082601.516:ERROR:database.cc(1761)] History SQLite error: code 1555 errno 0: UNIQUE constraint failed: context_annotations.visit_id sql: INSERT INTO context_annotations( visit_id,context_annotation_flags,duration_since_last_visit,page_end_reason )VALUES(?,?,?,?)
Nov 09, 2021 08:26:06.31 [14392:7024:1109/082606.317:ERROR:database.cc(1761)] History SQLite error: code 1555 errno 0: UNIQUE constraint failed: context_annotations.visit_id sql: INSERT INTO context_annotations( visit_id,context_annotation_flags,duration_since_last_visit,page_end_reason )VALUES(?,?,?,?)
Nov 09, 2021 09:11:27.20 [14392:9336:1109/091127.200:ERROR:database.cc(1761)] History SQLite error: code 1555 errno 0: UNIQUE constraint failed: context_annotations.visit_id sql: INSERT INTO context_annotations( visit_id,context_annotation_flags,duration_since_last_visit,page_end_reason )VALUES(?,?,?,?)
Nov 09, 2021 09:11:32.86 [8492:12068:1109/091132.868:ERROR:chrome_browser_main_extra_parts_metrics.cc(230)] crbug.com/1216328: Checking Bluetooth availability started. Please report if there is no report that this ends.
Nov 09, 2021 09:11:32.86 [8492:12068:1109/091132.868:ERROR:chrome_browser_main_extra_parts_metrics.cc(233)] crbug.com/1216328: Checking Bluetooth availability ended.
Nov 09, 2021 09:11:32.87 [8492:12068:1109/091132.868:ERROR:chrome_browser_main_extra_parts_metrics.cc(236)] crbug.com/1216328: Checking default browser status started. Please report if there is no report that this ends.
Nov 09, 2021 09:11:32.87 [8492:12068:1109/091132.869:ERROR:chrome_browser_main_extra_parts_metrics.cc(240)] crbug.com/1216328: Checking default browser status ended.
Nov 09, 2021 09:11:32.87 [8492:6004:1109/091132.870:ERROR:device_event_log_impl.cc(214)] [09:11:32.870] USB: usb_device_handle_win.cc:1048 Failed to read descriptor from node connection: A device attached to the system is not functioning. (0x1F)
Nov 09, 2021 09:11:32.87 [8492:6004:1109/091132.871:ERROR:device_event_log_impl.cc(214)] [09:11:32.870] USB: usb_device_handle_win.cc:1048 Failed to read descriptor from node connection: A device attached to the system is not functioning. (0x1F)
Nov 09, 2021 09:11:32.87 [8492:6004:1109/091132.871:ERROR:device_event_log_impl.cc(214)] [09:11:32.871] USB: usb_device_handle_win.cc:1048 Failed to read descriptor from node connection: A device attached to the system is not functioning. (0x1F)
Nov 09, 2021 10:27:05.67 [8492:1528:1109/102705.675:ERROR:database.cc(1761)] History SQLite error: code 1555 errno 0: UNIQUE constraint failed: context_annotations.visit_id sql: INSERT INTO context_annotations( visit_id,context_annotation_flags,duration_since_last_visit,page_end_reason )VALUES(?,?,?,?)
Nov 09, 2021 10:28:06.09 [8492:7328:1109/102806.093:ERROR:database.cc(1761)] History SQLite error: code 1555 errno 0: UNIQUE constraint failed: context_annotations.visit_id sql: INSERT INTO context_annotations( visit_id,context_annotation_flags,duration_since_last_visit,page_end_reason )VALUES(?,?,?,?)
Nov 09, 2021 10:28:07.78 [8492:7328:1109/102807.785:ERROR:database.cc(1761)] History SQLite error: code 1555 errno 0: UNIQUE constraint failed: context_annotations.visit_id sql: INSERT INTO context_annotations( visit_id,context_annotation_flags,duration_since_last_visit,page_end_reason )VALUES(?,?,?,?)
Nov 09, 2021 10:28:09.05 [8492:7328:1109/102809.054:ERROR:database.cc(1761)] History SQLite error: code 1555 errno 0: UNIQUE constraint failed: context_annotations.visit_id sql: INSERT INTO context_annotations( visit_id,context_annotation_flags,duration_since_last_visit,page_end_reason )VALUES(?,?,?,?)
Nov 09, 2021 10:28:10.53 [8492:7328:1109/102810.532:ERROR:database.cc(1761)] History SQLite error: code 1555 errno 0: UNIQUE constraint failed: context_annotations.visit_id sql: INSERT INTO context_annotations( visit_id,context_annotation_flags,duration_since_last_visit,page_end_reason )VALUES(?,?,?,?)
Nov 09, 2021 10:28:11.28 [8492:7328:1109/102811.282:ERROR:database.cc(1761)] History SQLite error: code 1555 errno 0: UNIQUE constraint failed: context_annotations.visit_id sql: INSERT INTO context_annotations( visit_id,context_annotation_flags,duration_since_last_visit,page_end_reason )VALUES(?,?,?,?)
Nov 09, 2021 11:20:59.91 [8492:7640:1109/112059.911:ERROR:database.cc(1761)] History SQLite error: code 1555 errno 0: UNIQUE constraint failed: context_annotations.visit_id sql: INSERT INTO context_annotations( visit_id,context_annotation_flags,duration_since_last_visit,page_end_reason )VALUES(?,?,?,?)

Nov 09, 2021 13:52:02.64 NEW SESSION
Nov 09, 2021 13:52:02.64 [7920:10600:1109/135202.638:ERROR:chrome_browser_main_extra_parts_metrics.cc(230)] crbug.com/1216328: Checking Bluetooth availability started. Please report if there is no report that this ends.
Nov 09, 2021 13:52:02.64 [7920:10600:1109/135202.638:ERROR:chrome_browser_main_extra_parts_metrics.cc(233)] crbug.com/1216328: Checking Bluetooth availability ended.
Nov 09, 2021 13:52:02.64 [7920:10600:1109/135202.638:ERROR:chrome_browser_main_extra_parts_metrics.cc(236)] crbug.com/1216328: Checking default browser status started. Please report if there is no report that this ends.
Nov 09, 2021 13:52:02.64 [7920:10600:1109/135202.639:ERROR:chrome_browser_main_extra_parts_metrics.cc(240)] crbug.com/1216328: Checking default browser status ended.
Nov 09, 2021 13:52:02.64 [7920:11400:1109/135202.646:ERROR:device_event_log_impl.cc(214)] [13:52:02.646] USB: usb_device_handle_win.cc:1048 Failed to read descriptor from node connection: A device attached to the system is not functioning. (0x1F)
Nov 09, 2021 13:52:02.64 [7920:11400:1109/135202.649:ERROR:device_event_log_impl.cc(214)] [13:52:02.649] USB: usb_device_handle_win.cc:1048 Failed to read descriptor from node connection: A device attached to the system is not functioning. (0x1F)
Nov 09, 2021 13:52:02.64 [7920:11400:1109/135202.649:ERROR:device_event_log_impl.cc(214)] [13:52:02.649] USB: usb_device_handle_win.cc:1048 Failed to read descriptor from node connection: A device attached to the system is not functioning. (0x1F)
Nov 09, 2021 13:52:28.30 [7920:14848:1109/135228.300:ERROR:database.cc(1761)] History SQLite error: code 1555 errno 0: UNIQUE constraint failed: context_annotations.visit_id sql: INSERT INTO context_annotations( visit_id,context_annotation_flags,duration_since_last_visit,page_end_reason )VALUES(?,?,?,?)
Nov 09, 2021 13:52:54.20 [7920:13208:1109/135254.207:ERROR:database.cc(1761)] History SQLite error: code 1555 errno 0: UNIQUE constraint failed: context_annotations.visit_id sql: INSERT INTO context_annotations( visit_id,context_annotation_flags,duration_since_last_visit,page_end_reason )VALUES(?,?,?,?)
Nov 09, 2021 13:53:39.39 [7920:14176:1109/135339.392:ERROR:database.cc(1761)] History SQLite error: code 1555 errno 0: UNIQUE constraint failed: context_annotations.visit_id sql: INSERT INTO context_annotations( visit_id,context_annotation_flags,duration_since_last_visit,page_end_reason )VALUES(?,?,?,?)
Nov 09, 2021 14:10:09.84 [7920:5172:1109/141009.849:ERROR:database.cc(1761)] History SQLite error: code 1555 errno 0: UNIQUE constraint failed: context_annotations.visit_id sql: INSERT INTO context_annotations( visit_id,context_annotation_flags,duration_since_last_visit,page_end_reason )VALUES(?,?,?,?)
Nov 09, 2021 14:10:12.82 [7920:5172:1109/141012.828:ERROR:database.cc(1761)] History SQLite error: code 1555 errno 0: UNIQUE constraint failed: context_annotations.visit_id sql: INSERT INTO context_annotations( visit_id,context_annotation_flags,duration_since_last_visit,page_end_reason )VALUES(?,?,?,?)
Nov 09, 2021 14:13:28.82 [7920:3764:1109/141328.822:ERROR:database.cc(1761)] History SQLite error: code 1555 errno 0: UNIQUE constraint failed: context_annotations.visit_id sql: INSERT INTO context_annotations( visit_id,context_annotation_flags,duration_since_last_visit,page_end_reason )VALUES(?,?,?,?)
Nov 09, 2021 14:13:47.27 [7920:3764:1109/141347.272:ERROR:database.cc(1761)] History SQLite error: code 1555 errno 0: UNIQUE constraint failed: context_annotations.visit_id sql: INSERT INTO context_annotations( visit_id,context_annotation_flags,duration_since_last_visit,page_end_reason )VALUES(?,?,?,?)
Nov 09, 2021 14:13:49.88 [7920:3764:1109/141349.883:ERROR:database.cc(1761)] History SQLite error: code 1555 errno 0: UNIQUE constraint failed: context_annotations.visit_id sql: INSERT INTO context_annotations( visit_id,context_annotation_flags,duration_since_last_visit,page_end_reason )VALUES(?,?,?,?)
Nov 09, 2021 14:19:26.21 [7920:6508:1109/141926.212:ERROR:database.cc(1761)] History SQLite error: code 1555 errno 0: UNIQUE constraint failed: context_annotations.visit_id sql: INSERT INTO context_annotations( visit_id,context_annotation_flags,duration_since_last_visit,page_end_reason )VALUES(?,?,?,?)
Nov 09, 2021 14:22:47.57 [7920:5172:1109/142247.579:ERROR:database.cc(1761)] History SQLite error: code 1555 errno 0: UNIQUE constraint failed: context_annotations.visit_id sql: INSERT INTO context_annotations( visit_id,context_annotation_flags,duration_since_last_visit,page_end_reason )VALUES(?,?,?,?)
Nov 09, 2021 14:33:53.66 [7920:5012:1109/143353.667:ERROR:database.cc(1761)] History SQLite error: code 1555 errno 0: UNIQUE constraint failed: context_annotations.visit_id sql: INSERT INTO context_annotations( visit_id,context_annotation_flags,duration_since_last_visit,page_end_reason )VALUES(?,?,?,?)
Nov 09, 2021 14:33:54.29 [7920:11072:1109/143354.292:ERROR:database.cc(1761)] History SQLite error: code 1555 errno 0: UNIQUE constraint failed: context_annotations.visit_id sql: INSERT INTO context_annotations( visit_id,context_annotation_flags,duration_since_last_visit,page_end_reason )VALUES(?,?,?,?)
Nov 09, 2021 14:50:19.87 [7920:11004:1109/145019.873:ERROR:database.cc(1761)] History SQLite error: code 1555 errno 0: UNIQUE constraint failed: context_annotations.visit_id sql: INSERT INTO context_annotations( visit_id,context_annotation_flags,duration_since_last_visit,page_end_reason )VALUES(?,?,?,?)
Nov 09, 2021 14:50:20.90 [7920:11004:1109/145020.905:ERROR:database.cc(1761)] History SQLite error: code 1555 errno 0: UNIQUE constraint failed: context_annotations.visit_id sql: INSERT INTO context_annotations( visit_id,context_annotation_flags,duration_since_last_visit,page_end_reason )VALUES(?,?,?,?)
Nov 09, 2021 15:14:35.26 [7920:9040:1109/151435.261:ERROR:database.cc(1761)] History SQLite error: code 1555 errno 0: UNIQUE constraint failed: context_annotations.visit_id sql: INSERT INTO context_annotations( visit_id,context_annotation_flags,duration_since_last_visit,page_end_reason )VALUES(?,?,?,?)
Nov 09, 2021 15:14:40.21 [7920:9040:1109/151440.218:ERROR:database.cc(1761)] History SQLite error: code 1555 errno 0: UNIQUE constraint failed: context_annotations.visit_id sql: INSERT INTO context_annotations( visit_id,context_annotation_flags,duration_since_last_visit,page_end_reason )VALUES(?,?,?,?)
Nov 09, 2021 15:14:40.99 [7920:14740:1109/151440.998:ERROR:database.cc(1761)] History SQLite error: code 1555 errno 0: UNIQUE constraint failed: context_annotations.visit_id sql: INSERT INTO context_annotations( visit_id,context_annotation_flags,duration_since_last_visit,page_end_reason )VALUES(?,?,?,?)
Nov 09, 2021 15:14:41.77 [7920:14740:1109/151441.772:ERROR:database.cc(1761)] History SQLite error: code 1555 errno 0: UNIQUE constraint failed: context_annotations.visit_id sql: INSERT INTO context_annotations( visit_id,context_annotation_flags,duration_since_last_visit,page_end_reason )VALUES(?,?,?,?)
Nov 09, 2021 15:29:29.33 [7920:11632:1109/152929.332:ERROR:database.cc(1761)] History SQLite error: code 1555 errno 0: UNIQUE constraint failed: context_annotations.visit_id sql: INSERT INTO context_annotations( visit_id,context_annotation_flags,duration_since_last_visit,page_end_reason )VALUES(?,?,?,?)
Nov 09, 2021 15:39:59.75 [7920:3884:1109/153959.752:ERROR:database.cc(1761)] History SQLite error: code 1555 errno 0: UNIQUE constraint failed: context_annotations.visit_id sql: INSERT INTO context_annotations( visit_id,context_annotation_flags,duration_since_last_visit,page_end_reason )VALUES(?,?,?,?)
Nov 09, 2021 15:40:09.85 [7920:3884:1109/154009.856:ERROR:database.cc(1761)] History SQLite error: code 1555 errno 0: UNIQUE constraint failed: context_annotations.visit_id sql: INSERT INTO context_annotations( visit_id,context_annotation_flags,duration_since_last_visit,page_end_reason )VALUES(?,?,?,?)

Nov 09, 2021 20:23:44.61 NEW SESSION
Nov 09, 2021 20:23:44.61 [12780:13200:1109/202344.611:ERROR:chrome_browser_main_extra_parts_metrics.cc(230)] crbug.com/1216328: Checking Bluetooth availability started. Please report if there is no report that this ends.
Nov 09, 2021 20:23:44.65 [12780:13200:1109/202344.611:ERROR:chrome_browser_main_extra_parts_metrics.cc(233)] crbug.com/1216328: Checking Bluetooth availability ended.
Nov 09, 2021 20:23:44.65 [12780:13200:1109/202344.611:ERROR:chrome_browser_main_extra_parts_metrics.cc(236)] crbug.com/1216328: Checking default browser status started. Please report if there is no report that this ends.
Nov 09, 2021 20:23:44.65 [12780:13200:1109/202344.612:ERROR:chrome_browser_main_extra_parts_metrics.cc(240)] crbug.com/1216328: Checking default browser status ended.
Nov 09, 2021 20:23:44.65 [12780:9760:1109/202344.618:ERROR:device_event_log_impl.cc(214)] [20:23:44.618] USB: usb_device_handle_win.cc:1048 Failed to read descriptor from node connection: A device attached to the system is not functioning. (0x1F)
Nov 09, 2021 20:23:44.65 [12780:9760:1109/202344.619:ERROR:device_event_log_impl.cc(214)] [20:23:44.619] USB: usb_device_handle_win.cc:1048 Failed to read descriptor from node connection: A device attached to the system is not functioning. (0x1F)
Nov 09, 2021 20:23:44.65 [12780:9760:1109/202344.620:ERROR:device_event_log_impl.cc(214)] [20:23:44.619] USB: usb_device_handle_win.cc:1048 Failed to read descriptor from node connection: A device attached to the system is not functioning. (0x1F)

Nov 10, 2021 19:46:39.60 NEW SESSION
Nov 10, 2021 19:46:39.60 [10188:15244:1110/194639.598:ERROR:chrome_browser_main_extra_parts_metrics.cc(230)] crbug.com/1216328: Checking Bluetooth availability started. Please report if there is no report that this ends.
Nov 10, 2021 19:46:39.62 [10188:15244:1110/194639.598:ERROR:chrome_browser_main_extra_parts_metrics.cc(233)] crbug.com/1216328: Checking Bluetooth availability ended.
Nov 10, 2021 19:46:39.62 [10188:15244:1110/194639.598:ERROR:chrome_browser_main_extra_parts_metrics.cc(236)] crbug.com/1216328: Checking default browser status started. Please report if there is no report that this ends.
Nov 10, 2021 19:46:39.62 [10188:15244:1110/194639.599:ERROR:chrome_browser_main_extra_parts_metrics.cc(240)] crbug.com/1216328: Checking default browser status ended.
Nov 10, 2021 19:46:39.62 [10188:10804:1110/194639.601:ERROR:device_event_log_impl.cc(214)] [19:46:39.600] USB: usb_device_handle_win.cc:1048 Failed to read descriptor from node connection: A device attached to the system is not functioning. (0x1F)
Nov 10, 2021 19:46:39.62 [10188:10804:1110/194639.601:ERROR:device_event_log_impl.cc(214)] [19:46:39.601] USB: usb_device_handle_win.cc:1048 Failed to read descriptor from node connection: A device attached to the system is not functioning. (0x1F)
Nov 10, 2021 19:46:39.62 [10188:10804:1110/194639.601:ERROR:device_event_log_impl.cc(214)] [19:46:39.601] USB: usb_device_handle_win.cc:1048 Failed to read descriptor from node connection: A device attached to the system is not functioning. (0x1F)
Nov 10, 2021 22:35:13.88 [10188:1792:1110/223513.864:ERROR:database.cc(1761)] History SQLite error: code 1555 errno 0: UNIQUE constraint failed: context_annotations.visit_id sql: INSERT INTO context_annotations( visit_id,context_annotation_flags,duration_since_last_visit,page_end_reason )VALUES(?,?,?,?)

Nov 12, 2021 07:59:44.06 NEW SESSION
Nov 12, 2021 07:59:44.06 [13052:4720:1112/075944.063:ERROR:chrome_browser_main_extra_parts_metrics.cc(230)] crbug.com/1216328: Checking Bluetooth availability started. Please report if there is no report that this ends.
Nov 12, 2021 07:59:44.08 [13052:4720:1112/075944.063:ERROR:chrome_browser_main_extra_parts_metrics.cc(233)] crbug.com/1216328: Checking Bluetooth availability ended.
Nov 12, 2021 07:59:44.09 [13052:4720:1112/075944.063:ERROR:chrome_browser_main_extra_parts_metrics.cc(236)] crbug.com/1216328: Checking default browser status started. Please report if there is no report that this ends.
Nov 12, 2021 07:59:44.09 [13052:1696:1112/075944.064:ERROR:device_event_log_impl.cc(214)] [07:59:44.063] USB: usb_device_handle_win.cc:1048 Failed to read descriptor from node connection: A device attached to the system is not functioning. (0x1F)
Nov 12, 2021 07:59:44.09 [13052:1696:1112/075944.065:ERROR:device_event_log_impl.cc(214)] [07:59:44.064] USB: usb_device_handle_win.cc:1048 Failed to read descriptor from node connection: A device attached to the system is not functioning. (0x1F)
Nov 12, 2021 07:59:44.09 [13052:1696:1112/075944.065:ERROR:device_event_log_impl.cc(214)] [07:59:44.064] USB: usb_device_handle_win.cc:1048 Failed to read descriptor from node connection: A device attached to the system is not functioning. (0x1F)
Nov 12, 2021 07:59:44.09 [13052:4720:1112/075944.067:ERROR:chrome_browser_main_extra_parts_metrics.cc(240)] crbug.com/1216328: Checking default browser status ended.
Nov 12, 2021 07:59:49.36 [13052:14000:1112/075949.361:ERROR:database.cc(1761)] History SQLite error: code 1555 errno 0: UNIQUE constraint failed: context_annotations.visit_id sql: INSERT INTO context_annotations( visit_id,context_annotation_flags,duration_since_last_visit,page_end_reason )VALUES(?,?,?,?)
Nov 12, 2021 09:47:53.74 [13052:3268:1112/094753.749:ERROR:database.cc(1761)] History SQLite error: code 1555 errno 0: UNIQUE constraint failed: context_annotations.visit_id sql: INSERT INTO context_annotations( visit_id,context_annotation_flags,duration_since_last_visit,page_end_reason )VALUES(?,?,?,?)
Nov 12, 2021 10:34:36.63 [13052:8676:1112/103436.638:ERROR:database.cc(1761)] History SQLite error: code 1555 errno 0: UNIQUE constraint failed: context_annotations.visit_id sql: INSERT INTO context_annotations( visit_id,context_annotation_flags,duration_since_last_visit,page_end_reason )VALUES(?,?,?,?)
Nov 12, 2021 10:34:38.68 [13052:8676:1112/103438.683:ERROR:database.cc(1761)] History SQLite error: code 1555 errno 0: UNIQUE constraint failed: context_annotations.visit_id sql: INSERT INTO context_annotations( visit_id,context_annotation_flags,duration_since_last_visit,page_end_reason )VALUES(?,?,?,?)
Nov 12, 2021 10:34:40.84 [13052:8676:1112/103440.846:ERROR:database.cc(1761)] History SQLite error: code 1555 errno 0: UNIQUE constraint failed: context_annotations.visit_id sql: INSERT INTO context_annotations( visit_id,context_annotation_flags,duration_since_last_visit,page_end_reason )VALUES(?,?,?,?)
Nov 12, 2021 10:34:41.92 [13052:8676:1112/103441.927:ERROR:database.cc(1761)] History SQLite error: code 1555 errno 0: UNIQUE constraint failed: context_annotations.visit_id sql: INSERT INTO context_annotations( visit_id,context_annotation_flags,duration_since_last_visit,page_end_reason )VALUES(?,?,?,?)
Nov 12, 2021 11:03:20.20 [13052:14156:1112/110320.203:ERROR:database.cc(1761)] History SQLite error: code 1555 errno 0: UNIQUE constraint failed: context_annotations.visit_id sql: INSERT INTO context_annotations( visit_id,context_annotation_flags,duration_since_last_visit,page_end_reason )VALUES(?,?,?,?)
Nov 12, 2021 11:03:22.13 [13052:14156:1112/110322.134:ERROR:database.cc(1761)] History SQLite error: code 1555 errno 0: UNIQUE constraint failed: context_annotations.visit_id sql: INSERT INTO context_annotations( visit_id,context_annotation_flags,duration_since_last_visit,page_end_reason )VALUES(?,?,?,?)
Nov 12, 2021 11:52:08.76 [13052:9560:1112/115208.766:ERROR:database.cc(1761)] History SQLite error: code 1555 errno 0: UNIQUE constraint failed: context_annotations.visit_id sql: INSERT INTO context_annotations( visit_id,context_annotation_flags,duration_since_last_visit,page_end_reason )VALUES(?,?,?,?)
Nov 12, 2021 11:52:14.28 [13052:9064:1112/115214.286:ERROR:database.cc(1761)] History SQLite error: code 1555 errno 0: UNIQUE constraint failed: context_annotations.visit_id sql: INSERT INTO context_annotations( visit_id,context_annotation_flags,duration_since_last_visit,page_end_reason )VALUES(?,?,?,?)
Nov 12, 2021 11:52:16.12 [13052:9064:1112/115216.125:ERROR:database.cc(1761)] History SQLite error: code 1555 errno 0: UNIQUE constraint failed: context_annotations.visit_id sql: INSERT INTO context_annotations( visit_id,context_annotation_flags,duration_since_last_visit,page_end_reason )VALUES(?,?,?,?)
Nov 12, 2021 11:52:48.08 [13052:9064:1112/115248.089:ERROR:database.cc(1761)] History SQLite error: code 1555 errno 0: UNIQUE constraint failed: context_annotations.visit_id sql: INSERT INTO context_annotations( visit_id,context_annotation_flags,duration_since_last_visit,page_end_reason )VALUES(?,?,?,?)

Nov 12, 2021 15:23:51.76 NEW SESSION
Nov 12, 2021 15:23:51.76 [12584:88:1112/152351.763:ERROR:chrome_browser_main_extra_parts_metrics.cc(230)] crbug.com/1216328: Checking Bluetooth availability started. Please report if there is no report that this ends.
Nov 12, 2021 15:23:51.78 [12584:88:1112/152351.763:ERROR:chrome_browser_main_extra_parts_metrics.cc(233)] crbug.com/1216328: Checking Bluetooth availability ended.
Nov 12, 2021 15:23:51.78 [12584:88:1112/152351.763:ERROR:chrome_browser_main_extra_parts_metrics.cc(236)] crbug.com/1216328: Checking default browser status started. Please report if there is no report that this ends.
Nov 12, 2021 15:23:51.78 [12584:88:1112/152351.764:ERROR:chrome_browser_main_extra_parts_metrics.cc(240)] crbug.com/1216328: Checking default browser status ended.
Nov 12, 2021 15:23:51.78 [12584:13092:1112/152351.765:ERROR:device_event_log_impl.cc(214)] [15:23:51.765] USB: usb_device_handle_win.cc:1048 Failed to read descriptor from node connection: A device attached to the system is not functioning. (0x1F)
Nov 12, 2021 15:23:51.78 [12584:13092:1112/152351.765:ERROR:device_event_log_impl.cc(214)] [15:23:51.765] USB: usb_device_handle_win.cc:1048 Failed to read descriptor from node connection: A device attached to the system is not functioning. (0x1F)
Nov 12, 2021 15:23:51.78 [12584:13092:1112/152351.766:ERROR:device_event_log_impl.cc(214)] [15:23:51.766] USB: usb_device_handle_win.cc:1048 Failed to read descriptor from node connection: A device attached to the system is not functioning. (0x1F)
Nov 12, 2021 15:23:58.03 [12584:13900:1112/152358.039:ERROR:database.cc(1761)] History SQLite error: code 1555 errno 0: UNIQUE constraint failed: context_annotations.visit_id sql: INSERT INTO context_annotations( visit_id,context_annotation_flags,duration_since_last_visit,page_end_reason )VALUES(?,?,?,?)
Nov 12, 2021 15:23:59.45 [12584:13900:1112/152359.453:ERROR:database.cc(1761)] History SQLite error: code 1555 errno 0: UNIQUE constraint failed: context_annotations.visit_id sql: INSERT INTO context_annotations( visit_id,context_annotation_flags,duration_since_last_visit,page_end_reason )VALUES(?,?,?,?)
Nov 12, 2021 15:24:17.26 [12584:13900:1112/152417.268:ERROR:database.cc(1761)] History SQLite error: code 1555 errno 0: UNIQUE constraint failed: context_annotations.visit_id sql: INSERT INTO context_annotations( visit_id,context_annotation_flags,duration_since_last_visit,page_end_reason )VALUES(?,?,?,?)
Nov 12, 2021 15:24:41.65 [12584:11260:1112/152441.659:ERROR:database.cc(1761)] History SQLite error: code 1555 errno 0: UNIQUE constraint failed: context_annotations.visit_id sql: INSERT INTO context_annotations( visit_id,context_annotation_flags,duration_since_last_visit,page_end_reason )VALUES(?,?,?,?)
Nov 12, 2021 15:24:46.94 [12584:11260:1112/152446.942:ERROR:database.cc(1761)] History SQLite error: code 1555 errno 0: UNIQUE constraint failed: context_annotations.visit_id sql: INSERT INTO context_annotations( visit_id,context_annotation_flags,duration_since_last_visit,page_end_reason )VALUES(?,?,?,?)
Nov 12, 2021 15:24:48.78 [12584:11260:1112/152448.782:ERROR:database.cc(1761)] History SQLite error: code 1555 errno 0: UNIQUE constraint failed: context_annotations.visit_id sql: INSERT INTO context_annotations( visit_id,context_annotation_flags,duration_since_last_visit,page_end_reason )VALUES(?,?,?,?)
Nov 12, 2021 15:28:02.80 [12584:13712:1112/152802.809:ERROR:database.cc(1761)] History SQLite error: code 1555 errno 0: UNIQUE constraint failed: context_annotations.visit_id sql: INSERT INTO context_annotations( visit_id,context_annotation_flags,duration_since_last_visit,page_end_reason )VALUES(?,?,?,?)
Nov 12, 2021 15:28:08.52 [12584:13712:1112/152808.528:ERROR:database.cc(1761)] History SQLite error: code 1555 errno 0: UNIQUE constraint failed: context_annotations.visit_id sql: INSERT INTO context_annotations( visit_id,context_annotation_flags,duration_since_last_visit,page_end_reason )VALUES(?,?,?,?)
Nov 12, 2021 15:28:31.51 [12584:13712:1112/152831.516:ERROR:database.cc(1761)] History SQLite error: code 1555 errno 0: UNIQUE constraint failed: context_annotations.visit_id sql: INSERT INTO context_annotations( visit_id,context_annotation_flags,duration_since_last_visit,page_end_reason )VALUES(?,?,?,?)
Nov 12, 2021 15:28:33.13 [12584:13712:1112/152833.130:ERROR:database.cc(1761)] History SQLite error: code 1555 errno 0: UNIQUE constraint failed: context_annotations.visit_id sql: INSERT INTO context_annotations( visit_id,context_annotation_flags,duration_since_last_visit,page_end_reason )VALUES(?,?,?,?)
Nov 12, 2021 15:28:48.45 [12584:13712:1112/152848.455:ERROR:database.cc(1761)] History SQLite error: code 1555 errno 0: UNIQUE constraint failed: context_annotations.visit_id sql: INSERT INTO context_annotations( visit_id,context_annotation_flags,duration_since_last_visit,page_end_reason )VALUES(?,?,?,?)
Nov 12, 2021 15:28:51.18 [12584:11204:1112/152851.188:ERROR:database.cc(1761)] History SQLite error: code 1555 errno 0: UNIQUE constraint failed: context_annotations.visit_id sql: INSERT INTO context_annotations( visit_id,context_annotation_flags,duration_since_last_visit,page_end_reason )VALUES(?,?,?,?)
Nov 12, 2021 15:31:43.41 [12584:13712:1112/153143.411:ERROR:database.cc(1761)] History SQLite error: code 1555 errno 0: UNIQUE constraint failed: context_annotations.visit_id sql: INSERT INTO context_annotations( visit_id,context_annotation_flags,duration_since_last_visit,page_end_reason )VALUES(?,?,?,?)
Nov 12, 2021 15:31:47.14 [12584:13712:1112/153147.146:ERROR:database.cc(1761)] History SQLite error: code 1555 errno 0: UNIQUE constraint failed: context_annotations.visit_id sql: INSERT INTO context_annotations( visit_id,context_annotation_flags,duration_since_last_visit,page_end_reason )VALUES(?,?,?,?)
Nov 12, 2021 15:32:03.76 [12584:11204:1112/153203.760:ERROR:database.cc(1761)] History SQLite error: code 1555 errno 0: UNIQUE constraint failed: context_annotations.visit_id sql: INSERT INTO context_annotations( visit_id,context_annotation_flags,duration_since_last_visit,page_end_reason )VALUES(?,?,?,?)
Nov 12, 2021 15:32:05.53 [12584:13712:1112/153205.534:ERROR:database.cc(1761)] History SQLite error: code 1555 errno 0: UNIQUE constraint failed: context_annotations.visit_id sql: INSERT INTO context_annotations( visit_id,context_annotation_flags,duration_since_last_visit,page_end_reason )VALUES(?,?,?,?)
Nov 12, 2021 15:32:08.18 [12584:13712:1112/153208.189:ERROR:database.cc(1761)] History SQLite error: code 1555 errno 0: UNIQUE constraint failed: context_annotations.visit_id sql: INSERT INTO context_annotations( visit_id,context_annotation_flags,duration_since_last_visit,page_end_reason )VALUES(?,?,?,?)
Nov 12, 2021 15:32:19.47 [12584:13712:1112/153219.471:ERROR:database.cc(1761)] History SQLite error: code 1555 errno 0: UNIQUE constraint failed: context_annotations.visit_id sql: INSERT INTO context_annotations( visit_id,context_annotation_flags,duration_since_last_visit,page_end_reason )VALUES(?,?,?,?)
Nov 12, 2021 15:32:23.33 [12584:13712:1112/153223.339:ERROR:database.cc(1761)] History SQLite error: code 1555 errno 0: UNIQUE constraint failed: context_annotations.visit_id sql: INSERT INTO context_annotations( visit_id,context_annotation_flags,duration_since_last_visit,page_end_reason )VALUES(?,?,?,?)
Nov 12, 2021 15:40:29.63 [12584:13712:1112/154029.637:ERROR:database.cc(1761)] History SQLite error: code 1555 errno 0: UNIQUE constraint failed: context_annotations.visit_id sql: INSERT INTO context_annotations( visit_id,context_annotation_flags,duration_since_last_visit,page_end_reason )VALUES(?,?,?,?)
Nov 12, 2021 15:40:37.86 [12584:15292:1112/154037.859:ERROR:database.cc(1761)] History SQLite error: code 1555 errno 0: UNIQUE constraint failed: context_annotations.visit_id sql: INSERT INTO context_annotations( visit_id,context_annotation_flags,duration_since_last_visit,page_end_reason )VALUES(?,?,?,?)
Nov 12, 2021 15:41:26.97 [12584:15292:1112/154126.976:ERROR:database.cc(1761)] History SQLite error: code 1555 errno 0: UNIQUE constraint failed: context_annotations.visit_id sql: INSERT INTO context_annotations( visit_id,context_annotation_flags,duration_since_last_visit,page_end_reason )VALUES(?,?,?,?)
Nov 12, 2021 15:41:30.36 [12584:15292:1112/154130.361:ERROR:database.cc(1761)] History SQLite error: code 1555 errno 0: UNIQUE constraint failed: context_annotations.visit_id sql: INSERT INTO context_annotations( visit_id,context_annotation_flags,duration_since_last_visit,page_end_reason )VALUES(?,?,?,?)
Nov 12, 2021 15:41:50.09 [12584:15292:1112/154150.093:ERROR:database.cc(1761)] History SQLite error: code 1555 errno 0: UNIQUE constraint failed: context_annotations.visit_id sql: INSERT INTO context_annotations( visit_id,context_annotation_flags,duration_since_last_visit,page_end_reason )VALUES(?,?,?,?)
Nov 12, 2021 15:41:53.96 [12584:15292:1112/154153.960:ERROR:database.cc(1761)] History SQLite error: code 1555 errno 0: UNIQUE constraint failed: context_annotations.visit_id sql: INSERT INTO context_annotations( visit_id,context_annotation_flags,duration_since_last_visit,page_end_reason )VALUES(?,?,?,?)
Nov 12, 2021 15:42:19.12 [12584:13712:1112/154219.123:ERROR:database.cc(1761)] History SQLite error: code 1555 errno 0: UNIQUE constraint failed: context_annotations.visit_id sql: INSERT INTO context_annotations( visit_id,context_annotation_flags,duration_since_last_visit,page_end_reason )VALUES(?,?,?,?)
Nov 12, 2021 15:42:22.28 [12584:13712:1112/154222.286:ERROR:database.cc(1761)] History SQLite error: code 1555 errno 0: UNIQUE constraint failed: context_annotations.visit_id sql: INSERT INTO context_annotations( visit_id,context_annotation_flags,duration_since_last_visit,page_end_reason )VALUES(?,?,?,?)
Nov 12, 2021 15:42:29.68 [12584:13712:1112/154229.683:ERROR:database.cc(1761)] History SQLite error: code 1555 errno 0: UNIQUE constraint failed: context_annotations.visit_id sql: INSERT INTO context_annotations( visit_id,context_annotation_flags,duration_since_last_visit,page_end_reason )VALUES(?,?,?,?)
Nov 12, 2021 15:42:31.24 [12584:13712:1112/154231.242:ERROR:database.cc(1761)] History SQLite error: code 1555 errno 0: UNIQUE constraint failed: context_annotations.visit_id sql: INSERT INTO context_annotations( visit_id,context_annotation_flags,duration_since_last_visit,page_end_reason )VALUES(?,?,?,?)
Nov 12, 2021 15:42:32.93 [12584:15292:1112/154232.929:ERROR:database.cc(1761)] History SQLite error: code 1555 errno 0: UNIQUE constraint failed: context_annotations.visit_id sql: INSERT INTO context_annotations( visit_id,context_annotation_flags,duration_since_last_visit,page_end_reason )VALUES(?,?,?,?)
Nov 12, 2021 15:42:35.34 [12584:15292:1112/154235.343:ERROR:database.cc(1761)] History SQLite error: code 1555 errno 0: UNIQUE constraint failed: context_annotations.visit_id sql: INSERT INTO context_annotations( visit_id,context_annotation_flags,duration_since_last_visit,page_end_reason )VALUES(?,?,?,?)
Nov 12, 2021 15:42:36.71 [12584:13712:1112/154236.712:ERROR:database.cc(1761)] History SQLite error: code 1555 errno 0: UNIQUE constraint failed: context_annotations.visit_id sql: INSERT INTO context_annotations( visit_id,context_annotation_flags,duration_since_last_visit,page_end_reason )VALUES(?,?,?,?)
Nov 12, 2021 15:42:38.46 [12584:13712:1112/154238.465:ERROR:database.cc(1761)] History SQLite error: code 1555 errno 0: UNIQUE constraint failed: context_annotations.visit_id sql: INSERT INTO context_annotations( visit_id,context_annotation_flags,duration_since_last_visit,page_end_reason )VALUES(?,?,?,?)
Nov 12, 2021 15:43:05.32 [12584:13712:1112/154305.326:ERROR:database.cc(1761)] History SQLite error: code 1555 errno 0: UNIQUE constraint failed: context_annotations.visit_id sql: INSERT INTO context_annotations( visit_id,context_annotation_flags,duration_since_last_visit,page_end_reason )VALUES(?,?,?,?)
Nov 12, 2021 15:43:51.58 [12584:15292:1112/154351.581:ERROR:database.cc(1761)] History SQLite error: code 1555 errno 0: UNIQUE constraint failed: context_annotations.visit_id sql: INSERT INTO context_annotations( visit_id,context_annotation_flags,duration_since_last_visit,page_end_reason )VALUES(?,?,?,?)
Nov 12, 2021 15:43:52.86 [12584:15292:1112/154352.864:ERROR:database.cc(1761)] History SQLite error: code 1555 errno 0: UNIQUE constraint failed: context_annotations.visit_id sql: INSERT INTO context_annotations( visit_id,context_annotation_flags,duration_since_last_visit,page_end_reason )VALUES(?,?,?,?)
Nov 12, 2021 15:44:03.90 [12584:15292:1112/154403.904:ERROR:database.cc(1761)] History SQLite error: code 1555 errno 0: UNIQUE constraint failed: context_annotations.visit_id sql: INSERT INTO context_annotations( visit_id,context_annotation_flags,duration_since_last_visit,page_end_reason )VALUES(?,?,?,?)
Nov 12, 2021 15:48:55.49 [12584:10176:1112/154855.490:ERROR:database.cc(1761)] History SQLite error: code 1555 errno 0: UNIQUE constraint failed: context_annotations.visit_id sql: INSERT INTO context_annotations( visit_id,context_annotation_flags,duration_since_last_visit,page_end_reason )VALUES(?,?,?,?)
Nov 12, 2021 16:26:04.84 [12584:11632:1112/162604.843:ERROR:database.cc(1761)] History SQLite error: code 1555 errno 0: UNIQUE constraint failed: context_annotations.visit_id sql: INSERT INTO context_annotations( visit_id,context_annotation_flags,duration_since_last_visit,page_end_reason )VALUES(?,?,?,?)
Nov 12, 2021 16:26:12.32 [12584:11632:1112/162612.324:ERROR:database.cc(1761)] History SQLite error: code 1555 errno 0: UNIQUE constraint failed: context_annotations.visit_id sql: INSERT INTO context_annotations( visit_id,context_annotation_flags,duration_since_last_visit,page_end_reason )VALUES(?,?,?,?)
Nov 12, 2021 18:37:37.97 [12584:9876:1112/183737.978:ERROR:database.cc(1761)] History SQLite error: code 1555 errno 0: UNIQUE constraint failed: context_annotations.visit_id sql: INSERT INTO context_annotations( visit_id,context_annotation_flags,duration_since_last_visit,page_end_reason )VALUES(?,?,?,?)
Nov 12, 2021 18:37:37.99 [12584:10564:1112/183737.998:ERROR:database.cc(1761)] History SQLite error: code 1555 errno 0: UNIQUE constraint failed: context_annotations.visit_id sql: INSERT INTO context_annotations( visit_id,context_annotation_flags,duration_since_last_visit,page_end_reason )VALUES(?,?,?,?)

Nov 12, 2021 23:11:01.15 NEW SESSION
Nov 12, 2021 23:11:01.15 [2476:13548:1112/231101.145:ERROR:chrome_browser_main_extra_parts_metrics.cc(230)] crbug.com/1216328: Checking Bluetooth availability started. Please report if there is no report that this ends.
Nov 12, 2021 23:11:01.18 [2476:13548:1112/231101.145:ERROR:chrome_browser_main_extra_parts_metrics.cc(233)] crbug.com/1216328: Checking Bluetooth availability ended.
Nov 12, 2021 23:11:01.18 [2476:13548:1112/231101.145:ERROR:chrome_browser_main_extra_parts_metrics.cc(236)] crbug.com/1216328: Checking default browser status started. Please report if there is no report that this ends.
Nov 12, 2021 23:11:01.18 [2476:8660:1112/231101.147:ERROR:device_event_log_impl.cc(214)] [23:11:01.147] USB: usb_device_handle_win.cc:1048 Failed to read descriptor from node connection: A device attached to the system is not functioning. (0x1F)
Nov 12, 2021 23:11:01.18 [2476:8660:1112/231101.150:ERROR:device_event_log_impl.cc(214)] [23:11:01.149] USB: usb_device_handle_win.cc:1048 Failed to read descriptor from node connection: A device attached to the system is not functioning. (0x1F)
Nov 12, 2021 23:11:01.18 [2476:8660:1112/231101.150:ERROR:device_event_log_impl.cc(214)] [23:11:01.150] USB: usb_device_handle_win.cc:1048 Failed to read descriptor from node connection: A device attached to the system is not functioning. (0x1F)
Nov 12, 2021 23:11:01.18 [2476:13548:1112/231101.152:ERROR:chrome_browser_main_extra_parts_metrics.cc(240)] crbug.com/1216328: Checking default browser status ended.
Nov 12, 2021 23:11:04.86 [2476:11892:1112/231104.867:ERROR:database.cc(1761)] History SQLite error: code 1555 errno 0: UNIQUE constraint failed: context_annotations.visit_id sql: INSERT INTO context_annotations( visit_id,context_annotation_flags,duration_since_last_visit,page_end_reason )VALUES(?,?,?,?)
Nov 12, 2021 23:11:06.53 [2476:11892:1112/231106.536:ERROR:database.cc(1761)] History SQLite error: code 1555 errno 0: UNIQUE constraint failed: context_annotations.visit_id sql: INSERT INTO context_annotations( visit_id,context_annotation_flags,duration_since_last_visit,page_end_reason )VALUES(?,?,?,?)
Nov 12, 2021 23:13:43.29 [2476:13332:1112/231343.292:ERROR:database.cc(1761)] History SQLite error: code 1555 errno 0: UNIQUE constraint failed: context_annotations.visit_id sql: INSERT INTO context_annotations( visit_id,context_annotation_flags,duration_since_last_visit,page_end_reason )VALUES(?,?,?,?)
Nov 12, 2021 23:19:56.93 [2476:13332:1112/231956.933:ERROR:database.cc(1761)] History SQLite error: code 1555 errno 0: UNIQUE constraint failed: context_annotations.visit_id sql: INSERT INTO context_annotations( visit_id,context_annotation_flags,duration_since_last_visit,page_end_reason )VALUES(?,?,?,?)
Nov 12, 2021 23:20:27.89 [2476:13332:1112/232027.898:ERROR:database.cc(1761)] History SQLite error: code 1555 errno 0: UNIQUE constraint failed: context_annotations.visit_id sql: INSERT INTO context_annotations( visit_id,context_annotation_flags,duration_since_last_visit,page_end_reason )VALUES(?,?,?,?)

Nov 13, 2021 09:49:17.36 NEW SESSION
Nov 13, 2021 09:49:17.36 [14088:4672:1113/094917.364:ERROR:chrome_browser_main_extra_parts_metrics.cc(230)] crbug.com/1216328: Checking Bluetooth availability started. Please report if there is no report that this ends.
Nov 13, 2021 09:49:17.42 [14088:4672:1113/094917.364:ERROR:chrome_browser_main_extra_parts_metrics.cc(233)] crbug.com/1216328: Checking Bluetooth availability ended.
Nov 13, 2021 09:49:17.42 [14088:4672:1113/094917.364:ERROR:chrome_browser_main_extra_parts_metrics.cc(236)] crbug.com/1216328: Checking default browser status started. Please report if there is no report that this ends.
Nov 13, 2021 09:49:17.42 [14088:4672:1113/094917.364:ERROR:chrome_browser_main_extra_parts_metrics.cc(240)] crbug.com/1216328: Checking default browser status ended.
Nov 13, 2021 09:49:17.42 [14088:5188:1113/094917.364:ERROR:device_event_log_impl.cc(214)] [09:49:17.363] USB: usb_device_handle_win.cc:1048 Failed to read descriptor from node connection: A device attached to the system is not functioning. (0x1F)
Nov 13, 2021 09:49:17.42 [14088:5188:1113/094917.364:ERROR:device_event_log_impl.cc(214)] [09:49:17.363] USB: usb_device_handle_win.cc:1048 Failed to read descriptor from node connection: A device attached to the system is not functioning. (0x1F)
Nov 13, 2021 09:49:17.42 [14088:5188:1113/094917.364:ERROR:device_event_log_impl.cc(214)] [09:49:17.364] USB: usb_device_handle_win.cc:1048 Failed to read descriptor from node connection: A device attached to the system is not functioning. (0x1F)
Nov 13, 2021 09:49:22.42 [14088:8256:1113/094922.427:ERROR:database.cc(1761)] History SQLite error: code 1555 errno 0: UNIQUE constraint failed: context_annotations.visit_id sql: INSERT INTO context_annotations( visit_id,context_annotation_flags,duration_since_last_visit,page_end_reason )VALUES(?,?,?,?)
Nov 13, 2021 09:50:39.71 [14088:13760:1113/095039.715:ERROR:database.cc(1761)] History SQLite error: code 1555 errno 0: UNIQUE constraint failed: context_annotations.visit_id sql: INSERT INTO context_annotations( visit_id,context_annotation_flags,duration_since_last_visit,page_end_reason )VALUES(?,?,?,?)
Nov 13, 2021 09:51:57.73 [14088:13160:1113/095157.738:ERROR:database.cc(1761)] History SQLite error: code 1555 errno 0: UNIQUE constraint failed: context_annotations.visit_id sql: INSERT INTO context_annotations( visit_id,context_annotation_flags,duration_since_last_visit,page_end_reason )VALUES(?,?,?,?)

Nov 13, 2021 14:44:17.43 NEW SESSION
Nov 13, 2021 14:44:17.43 [2704:9696:1113/144417.428:ERROR:chrome_browser_main_extra_parts_metrics.cc(230)] crbug.com/1216328: Checking Bluetooth availability started. Please report if there is no report that this ends.
Nov 13, 2021 14:44:17.45 [2704:9696:1113/144417.428:ERROR:chrome_browser_main_extra_parts_metrics.cc(233)] crbug.com/1216328: Checking Bluetooth availability ended.
Nov 13, 2021 14:44:17.45 [2704:9696:1113/144417.428:ERROR:chrome_browser_main_extra_parts_metrics.cc(236)] crbug.com/1216328: Checking default browser status started. Please report if there is no report that this ends.
Nov 13, 2021 14:44:17.45 [2704:9696:1113/144417.429:ERROR:chrome_browser_main_extra_parts_metrics.cc(240)] crbug.com/1216328: Checking default browser status ended.
Nov 13, 2021 14:44:17.45 [2704:11112:1113/144417.436:ERROR:device_event_log_impl.cc(214)] [14:44:17.437] USB: usb_device_handle_win.cc:1048 Failed to read descriptor from node connection: A device attached to the system is not functioning. (0x1F)
Nov 13, 2021 14:44:17.45 [2704:11112:1113/144417.436:ERROR:device_event_log_impl.cc(214)] [14:44:17.437] USB: usb_device_handle_win.cc:1048 Failed to read descriptor from node connection: A device attached to the system is not functioning. (0x1F)
Nov 13, 2021 14:44:17.45 [2704:11112:1113/144417.437:ERROR:device_event_log_impl.cc(214)] [14:44:17.437] USB: usb_device_handle_win.cc:1048 Failed to read descriptor from node connection: A device attached to the system is not functioning. (0x1F)
Nov 13, 2021 14:44:23.14 [2704:6232:1113/144423.147:ERROR:database.cc(1761)] History SQLite error: code 1555 errno 0: UNIQUE constraint failed: context_annotations.visit_id sql: INSERT INTO context_annotations( visit_id,context_annotation_flags,duration_since_last_visit,page_end_reason )VALUES(?,?,?,?)
Nov 13, 2021 14:44:30.66 [2704:9972:1113/144430.666:ERROR:database.cc(1761)] History SQLite error: code 1555 errno 0: UNIQUE constraint failed: context_annotations.visit_id sql: INSERT INTO context_annotations( visit_id,context_annotation_flags,duration_since_last_visit,page_end_reason )VALUES(?,?,?,?)
Nov 13, 2021 14:44:40.38 [2704:6232:1113/144440.387:ERROR:database.cc(1761)] History SQLite error: code 1555 errno 0: UNIQUE constraint failed: context_annotations.visit_id sql: INSERT INTO context_annotations( visit_id,context_annotation_flags,duration_since_last_visit,page_end_reason )VALUES(?,?,?,?)
Nov 13, 2021 14:45:43.41 [2704:6232:1113/144543.417:ERROR:database.cc(1761)] History SQLite error: code 1555 errno 0: UNIQUE constraint failed: context_annotations.visit_id sql: INSERT INTO context_annotations( visit_id,context_annotation_flags,duration_since_last_visit,page_end_reason )VALUES(?,?,?,?)
Nov 13, 2021 14:45:45.48 [2704:6232:1113/144545.481:ERROR:database.cc(1761)] History SQLite error: code 1555 errno 0: UNIQUE constraint failed: context_annotations.visit_id sql: INSERT INTO context_annotations( visit_id,context_annotation_flags,duration_since_last_visit,page_end_reason )VALUES(?,?,?,?)
Nov 13, 2021 14:45:54.94 [2704:6232:1113/144554.946:ERROR:database.cc(1761)] History SQLite error: code 1555 errno 0: UNIQUE constraint failed: context_annotations.visit_id sql: INSERT INTO context_annotations( visit_id,context_annotation_flags,duration_since_last_visit,page_end_reason )VALUES(?,?,?,?)
Nov 13, 2021 15:00:36.06 [2704:8380:1113/150036.066:ERROR:database.cc(1761)] History SQLite error: code 1555 errno 0: UNIQUE constraint failed: context_annotations.visit_id sql: INSERT INTO context_annotations( visit_id,context_annotation_flags,duration_since_last_visit,page_end_reason )VALUES(?,?,?,?)
Nov 13, 2021 15:00:41.74 [2704:12472:1113/150041.745:ERROR:database.cc(1761)] History SQLite error: code 1555 errno 0: UNIQUE constraint failed: context_annotations.visit_id sql: INSERT INTO context_annotations( visit_id,context_annotation_flags,duration_since_last_visit,page_end_reason )VALUES(?,?,?,?)
Nov 13, 2021 15:00:46.53 [2704:8380:1113/150046.531:ERROR:database.cc(1761)] History SQLite error: code 1555 errno 0: UNIQUE constraint failed: context_annotations.visit_id sql: INSERT INTO context_annotations( visit_id,context_annotation_flags,duration_since_last_visit,page_end_reason )VALUES(?,?,?,?)
Nov 13, 2021 15:00:49.30 [2704:8380:1113/150049.306:ERROR:database.cc(1761)] History SQLite error: code 1555 errno 0: UNIQUE constraint failed: context_annotations.visit_id sql: INSERT INTO context_annotations( visit_id,context_annotation_flags,duration_since_last_visit,page_end_reason )VALUES(?,?,?,?)
Nov 13, 2021 15:00:52.60 [2704:8380:1113/150052.603:ERROR:database.cc(1761)] History SQLite error: code 1555 errno 0: UNIQUE constraint failed: context_annotations.visit_id sql: INSERT INTO context_annotations( visit_id,context_annotation_flags,duration_since_last_visit,page_end_reason )VALUES(?,?,?,?)
Nov 13, 2021 15:00:56.07 [2704:8380:1113/150056.076:ERROR:database.cc(1761)] History SQLite error: code 1555 errno 0: UNIQUE constraint failed: context_annotations.visit_id sql: INSERT INTO context_annotations( visit_id,context_annotation_flags,duration_since_last_visit,page_end_reason )VALUES(?,?,?,?)
Nov 13, 2021 15:25:26.15 [2704:10564:1113/152526.153:ERROR:database.cc(1761)] History SQLite error: code 1555 errno 0: UNIQUE constraint failed: context_annotations.visit_id sql: INSERT INTO context_annotations( visit_id,context_annotation_flags,duration_since_last_visit,page_end_reason )VALUES(?,?,?,?)
Nov 13, 2021 15:32:43.74 [2704:804:1113/153243.739:ERROR:database.cc(1761)] History SQLite error: code 1555 errno 0: UNIQUE constraint failed: context_annotations.visit_id sql: INSERT INTO context_annotations( visit_id,context_annotation_flags,duration_since_last_visit,page_end_reason )VALUES(?,?,?,?)
Nov 13, 2021 15:32:46.05 [2704:11332:1113/153246.059:ERROR:database.cc(1761)] History SQLite error: code 1555 errno 0: UNIQUE constraint failed: context_annotations.visit_id sql: INSERT INTO context_annotations( visit_id,context_annotation_flags,duration_since_last_visit,page_end_reason )VALUES(?,?,?,?)
Nov 13, 2021 15:32:46.06 [2704:11332:1113/153246.059:ERROR:database.cc(1761)] History SQLite error: code 1555 errno 0: UNIQUE constraint failed: context_annotations.visit_id sql: INSERT INTO context_annotations( visit_id,context_annotation_flags,duration_since_last_visit,page_end_reason )VALUES(?,?,?,?)
Nov 13, 2021 15:40:25.23 [2704:1092:1113/154025.238:ERROR:database.cc(1761)] History SQLite error: code 1555 errno 0: UNIQUE constraint failed: context_annotations.visit_id sql: INSERT INTO context_annotations( visit_id,context_annotation_flags,duration_since_last_visit,page_end_reason )VALUES(?,?,?,?)
Nov 13, 2021 15:40:59.17 [2704:1092:1113/154059.171:ERROR:database.cc(1761)] History SQLite error: code 1555 errno 0: UNIQUE constraint failed: context_annotations.visit_id sql: INSERT INTO context_annotations( visit_id,context_annotation_flags,duration_since_last_visit,page_end_reason )VALUES(?,?,?,?)
Nov 13, 2021 15:41:00.10 [2704:1092:1113/154100.106:ERROR:database.cc(1761)] History SQLite error: code 1555 errno 0: UNIQUE constraint failed: context_annotations.visit_id sql: INSERT INTO context_annotations( visit_id,context_annotation_flags,duration_since_last_visit,page_end_reason )VALUES(?,?,?,?)
Nov 13, 2021 15:41:00.50 [2704:1092:1113/154100.508:ERROR:database.cc(1761)] History SQLite error: code 1555 errno 0: UNIQUE constraint failed: context_annotations.visit_id sql: INSERT INTO context_annotations( visit_id,context_annotation_flags,duration_since_last_visit,page_end_reason )VALUES(?,?,?,?)
Nov 13, 2021 15:41:00.70 [2704:1092:1113/154100.700:ERROR:database.cc(1761)] History SQLite error: code 1555 errno 0: UNIQUE constraint failed: context_annotations.visit_id sql: INSERT INTO context_annotations( visit_id,context_annotation_flags,duration_since_last_visit,page_end_reason )VALUES(?,?,?,?)
Nov 13, 2021 15:41:09.73 [2704:1092:1113/154109.735:ERROR:database.cc(1761)] History SQLite error: code 1555 errno 0: UNIQUE constraint failed: context_annotations.visit_id sql: INSERT INTO context_annotations( visit_id,context_annotation_flags,duration_since_last_visit,page_end_reason )VALUES(?,?,?,?)
Nov 13, 2021 15:49:36.94 [2704:11332:1113/154936.942:ERROR:database.cc(1761)] History SQLite error: code 1555 errno 0: UNIQUE constraint failed: context_annotations.visit_id sql: INSERT INTO context_annotations( visit_id,context_annotation_flags,duration_since_last_visit,page_end_reason )VALUES(?,?,?,?)
Nov 13, 2021 15:49:42.61 [2704:1092:1113/154942.610:ERROR:database.cc(1761)] History SQLite error: code 1555 errno 0: UNIQUE constraint failed: context_annotations.visit_id sql: INSERT INTO context_annotations( visit_id,context_annotation_flags,duration_since_last_visit,page_end_reason )VALUES(?,?,?,?)
Nov 13, 2021 15:50:07.00 [2704:1092:1113/155007.002:ERROR:database.cc(1761)] History SQLite error: code 1555 errno 0: UNIQUE constraint failed: context_annotations.visit_id sql: INSERT INTO context_annotations( visit_id,context_annotation_flags,duration_since_last_visit,page_end_reason )VALUES(?,?,?,?)
Nov 13, 2021 17:52:48.34 [2704:5484:1113/175248.317:ERROR:database.cc(1761)] History SQLite error: code 1555 errno 0: UNIQUE constraint failed: context_annotations.visit_id sql: INSERT INTO context_annotations( visit_id,context_annotation_flags,duration_since_last_visit,page_end_reason )VALUES(?,?,?,?)
Nov 13, 2021 17:52:51.05 [2704:7412:1113/175251.048:ERROR:database.cc(1761)] History SQLite error: code 1555 errno 0: UNIQUE constraint failed: context_annotations.visit_id sql: INSERT INTO context_annotations( visit_id,context_annotation_flags,duration_since_last_visit,page_end_reason )VALUES(?,?,?,?)
Nov 13, 2021 17:53:09.62 [2704:7412:1113/175309.622:ERROR:database.cc(1761)] History SQLite error: code 1555 errno 0: UNIQUE constraint failed: context_annotations.visit_id sql: INSERT INTO context_annotations( visit_id,context_annotation_flags,duration_since_last_visit,page_end_reason )VALUES(?,?,?,?)
Nov 13, 2021 17:53:14.04 [2704:7412:1113/175314.045:ERROR:database.cc(1761)] History SQLite error: code 1555 errno 0: UNIQUE constraint failed: context_annotations.visit_id sql: INSERT INTO context_annotations( visit_id,context_annotation_flags,duration_since_last_visit,page_end_reason )VALUES(?,?,?,?)
Nov 13, 2021 17:54:14.06 [2704:11560:1113/175414.062:ERROR:database.cc(1761)] History SQLite error: code 1555 errno 0: UNIQUE constraint failed: context_annotations.visit_id sql: INSERT INTO context_annotations( visit_id,context_annotation_flags,duration_since_last_visit,page_end_reason )VALUES(?,?,?,?)
Nov 13, 2021 17:56:08.95 [2704:11560:1113/175608.955:ERROR:database.cc(1761)] History SQLite error: code 1555 errno 0: UNIQUE constraint failed: context_annotations.visit_id sql: INSERT INTO context_annotations( visit_id,context_annotation_flags,duration_since_last_visit,page_end_reason )VALUES(?,?,?,?)
Nov 13, 2021 17:56:16.11 [2704:7412:1113/175616.109:ERROR:database.cc(1761)] History SQLite error: code 1555 errno 0: UNIQUE constraint failed: context_annotations.visit_id sql: INSERT INTO context_annotations( visit_id,context_annotation_flags,duration_since_last_visit,page_end_reason )VALUES(?,?,?,?)
Nov 13, 2021 17:58:38.21 [2704:11560:1113/175837.537:ERROR:database.cc(1761)] History SQLite error: code 1555 errno 0: UNIQUE constraint failed: context_annotations.visit_id sql: INSERT INTO context_annotations( visit_id,context_annotation_flags,duration_since_last_visit,page_end_reason )VALUES(?,?,?,?)
Nov 13, 2021 17:58:44.36 [2704:11560:1113/175844.362:ERROR:database.cc(1761)] History SQLite error: code 1555 errno 0: UNIQUE constraint failed: context_annotations.visit_id sql: INSERT INTO context_annotations( visit_id,context_annotation_flags,duration_since_last_visit,page_end_reason )VALUES(?,?,?,?)
Nov 13, 2021 18:09:01.43 [2704:15152:1113/180901.432:ERROR:database.cc(1761)] History SQLite error: code 1555 errno 0: UNIQUE constraint failed: context_annotations.visit_id sql: INSERT INTO context_annotations( visit_id,context_annotation_flags,duration_since_last_visit,page_end_reason )VALUES(?,?,?,?)
Nov 13, 2021 18:09:12.40 [2704:1028:1113/180912.406:ERROR:database.cc(1761)] History SQLite error: code 1555 errno 0: UNIQUE constraint failed: context_annotations.visit_id sql: INSERT INTO context_annotations( visit_id,context_annotation_flags,duration_since_last_visit,page_end_reason )VALUES(?,?,?,?)
Nov 13, 2021 18:09:24.49 [2704:1028:1113/180924.489:ERROR:database.cc(1761)] History SQLite error: code 1555 errno 0: UNIQUE constraint failed: context_annotations.visit_id sql: INSERT INTO context_annotations( visit_id,context_annotation_flags,duration_since_last_visit,page_end_reason )VALUES(?,?,?,?)
Nov 13, 2021 18:09:27.64 [2704:1028:1113/180927.643:ERROR:database.cc(1761)] History SQLite error: code 1555 errno 0: UNIQUE constraint failed: context_annotations.visit_id sql: INSERT INTO context_annotations( visit_id,context_annotation_flags,duration_since_last_visit,page_end_reason )VALUES(?,?,?,?)
Nov 13, 2021 18:09:37.14 [2704:15152:1113/180937.148:ERROR:database.cc(1761)] History SQLite error: code 1555 errno 0: UNIQUE constraint failed: context_annotations.visit_id sql: INSERT INTO context_annotations( visit_id,context_annotation_flags,duration_since_last_visit,page_end_reason )VALUES(?,?,?,?)

Nov 14, 2021 17:20:47.11 NEW SESSION
Nov 14, 2021 17:20:47.11 [1168:15712:1114/172047.113:ERROR:device_event_log_impl.cc(214)] [17:20:47.114] USB: usb_device_handle_win.cc:1048 Failed to read descriptor from node connection: A device attached to the system is not functioning. (0x1F)
Nov 14, 2021 17:20:47.14 [1168:11520:1114/172047.114:ERROR:chrome_browser_main_extra_parts_metrics.cc(230)] crbug.com/1216328: Checking Bluetooth availability started. Please report if there is no report that this ends.
Nov 14, 2021 17:20:47.14 [1168:11520:1114/172047.114:ERROR:chrome_browser_main_extra_parts_metrics.cc(233)] crbug.com/1216328: Checking Bluetooth availability ended.
Nov 14, 2021 17:20:47.14 [1168:11520:1114/172047.114:ERROR:chrome_browser_main_extra_parts_metrics.cc(236)] crbug.com/1216328: Checking default browser status started. Please report if there is no report that this ends.
Nov 14, 2021 17:20:47.14 [1168:15712:1114/172047.115:ERROR:device_event_log_impl.cc(214)] [17:20:47.116] USB: usb_device_handle_win.cc:1048 Failed to read descriptor from node connection: A device attached to the system is not functioning. (0x1F)
Nov 14, 2021 17:20:47.14 [1168:15712:1114/172047.115:ERROR:device_event_log_impl.cc(214)] [17:20:47.116] USB: usb_device_handle_win.cc:1048 Failed to read descriptor from node connection: A device attached to the system is not functioning. (0x1F)
Nov 14, 2021 17:20:47.14 [1168:11520:1114/172047.115:ERROR:chrome_browser_main_extra_parts_metrics.cc(240)] crbug.com/1216328: Checking default browser status ended.
